{"name": "test_ui02", "status": "failed", "statusDetails": {"message": "AssertionError: assert 1 == 2", "trace": "self = <testcase.uitestcase.test_uilogin.TestUILoin1 object at 0x00000000029087F0>\nall_fixture = None, ui_fixture = None\n\n        @pytest.mark.run(order=2)\n        @pytest.mark.smoke\n        @allure.feature('uilogin')\n        @allure.severity('critical')\n    #    @pytest.mark.skip(reason='test case is not valid any more')\n        def test_ui02(self,all_fixture,ui_fixture):\n            print('\\ntest_ui02')\n>           assert 1==2\nE           assert 1 == 2\n\ntestcase\\uitestcase\\test_uilogin.py:21: AssertionError"}, "start": 1650169235463, "stop": 1650169235463, "uuid": "670ff70b-12ef-4daf-b7f9-c61fdbb05a9d", "historyId": "fc212b1bb8041760e354d7145e0b6aa2", "testCaseId": "e988e65e1eeb8f05bc7efacd85298872", "fullName": "testcase.uitestcase.test_uilogin.TestUILoin1#test_ui02", "labels": [{"name": "feature", "value": "uilogin"}, {"name": "severity", "value": "critical"}, {"name": "tag", "value": "smoke"}, {"name": "tag", "value": "run(order=2)"}, {"name": "parentSuite", "value": "testcase.uitestcase"}, {"name": "suite", "value": "test_uilogin"}, {"name": "subSuite", "value": "TestUILoin1"}, {"name": "host", "value": "pc-jacky-PC"}, {"name": "thread", "value": "7160-MainThread"}, {"name": "framework", "value": "pytest"}, {"name": "language", "value": "cpython3"}, {"name": "package", "value": "testcase.uitestcase.test_uilogin"}]}